
 *******************************************************************************

         NASA-GLENN CHEMICAL EQUILIBRIUM PROGRAM CEA, OCTOBER 17, 2000
                   BY  BONNIE MCBRIDE AND SANFORD GORDON
      REFS: NASA RP-1311, PART I, 1994 AND NASA RP-1311, PART II, 1996

 *******************************************************************************



 problem
 ro eq fac
 p(bar)=47.94899 o/f=2 ac=2.56
 react ox=O2 (L)   moles=1. O 2  t(k)=112.7279 h(j)=-11.622672205877318
       fu=H2 moles=1. H 2  t(k)=94.777 h(j)=-5.553680422414317

 WARNING!! (L)             NOT RECOGNIZED (INPUT)
 only H2 O2 H2O OH H O H2O2 HO2 O3
 output trace=1.e-10 plot t
 end

 OPTIONS: TP=F  HP=F  SP=F  TV=F  UV=F  SV=F  DETN=F  SHOCK=F  REFL=F  INCD=F
 RKT=T  FROZ=F  EQL=T  IONS=F  SIUNIT=T  DEBUGF=F  SHKDBG=F  DETDBG=F  TRNSPT=F

 TRACE= 1.00E-10  S/R= 0.000000E+00  H/R= 0.000000E+00  U/R= 0.000000E+00

 Pc,BAR =    47.948990

 Pc/P =

 SUBSONIC AREA RATIOS =

 SUPERSONIC AREA RATIOS =

 NFZ=  1  Mdot/Ac= 0.000000E+00  Ac/At= 2.560000E+00

    REACTANT           MOLES    (ENERGY/R),K   TEMP,K  DENSITY
        EXPLODED FORMULA
 O: O2               1.000000  -0.139788E+01   112.73  0.0000
          O  2.00000
 F: H2               1.000000  -0.667950E+00    94.78  0.0000
          H  2.00000

  SPECIES BEING CONSIDERED IN THIS SYSTEM
 (CONDENSED PHASE MAY HAVE NAME LISTED SEVERAL TIMES)
  LAST thermo.inp UPDATE:    9/09/04

  g 6/97  *H               g 4/02  HO2              tpis78  *H2            
  g 8/89  H2O              g 6/99  H2O2             g 5/97  *O             
  g 4/02  *OH              tpis89  *O2              g 8/01  O3             

 O/F =   2.000000

                       EFFECTIVE FUEL     EFFECTIVE OXIDANT        MIXTURE
 ENTHALPY                  h(2)/R              h(1)/R               h0/R
 (KG-MOL)(K)/KG       -0.33134433E+00     -0.43685332E-01     -0.13957167E+00

 KG-FORM.WT./KG             bi(2)               bi(1)               b0i
  *O                   0.00000000E+00      0.62502344E-01      0.41668229E-01
  *H                   0.99212255E+00      0.00000000E+00      0.33070752E+00

 POINT ITN      T            O           H 
   1   10    2073.103     -23.154      -8.006
   2    3    2073.052     -23.154      -8.032
 Pinf/Pt = 1.812939
   3    4    1824.156     -24.917      -8.127
 Pinf/Pt = 1.821391
   3    2    1822.300     -24.932      -8.128
 Pinf/Pt = 1.821453
   3    2    1822.286     -24.932      -8.128
   4    3    2060.126     -23.234      -8.036
   4    2    2057.780     -23.249      -8.037
   4    2    2057.540     -23.251      -8.037
   4    2    2057.538     -23.251      -8.037
   2    2    2073.069     -23.154      -8.023
 Pinf/Pt = 1.812955
   3    4    1824.156     -24.917      -8.118
 Pinf/Pt = 1.821395
   3    2    1822.302     -24.932      -8.119
 Pinf/Pt = 1.821457
   3    2    1822.288     -24.932      -8.119
   4    3    2060.143     -23.234      -8.028
   4    2    2057.796     -23.249      -8.029
   4    2    2057.557     -23.251      -8.029
   4    2    2057.555     -23.251      -8.029
 END OF CHAMBER ITERATIONS





              THEORETICAL ROCKET PERFORMANCE ASSUMING EQUILIBRIUM

            COMPOSITION DURING EXPANSION FROM FINITE AREA COMBUSTOR

 Pinj =   695.4 PSIA
 Ac/At =  2.5600      Pinj/Pinf =  1.033970
 CASE =                

             REACTANT                       MOLES         ENERGY      TEMP
                                                         KJ/KG-MOL      K
 OXIDANT     O2                           1.0000000       -11.623    112.728
 FUEL        H2                           1.0000000        -5.554     94.777

 O/F=    2.00000  %FUEL= 33.333333  R,EQ.RATIO= 3.968341  PHI,EQ.RATIO= 3.968341

                 INJECTOR  COMB END  THROAT
 Pinj/P            1.0000   1.0714   1.8833
 P, BAR            47.949   44.753   25.460
 T, K             2073.10  2057.55  1822.29
 RHO, KG/CU M    1.6820 0 1.5818 0 1.0162 0
 H, KJ/KG         -1.1603  -102.18 -1605.41
 U, KJ/KG        -2851.83 -2931.44 -4110.85
 G, KJ/KG        -62268.8 -61997.3 -56423.3
 S, KJ/(KG)(K)    30.0359  30.0819  30.0819

 M, (1/n)           6.047    6.047    6.047
 (dLV/dLP)t      -1.00009 -1.00008 -1.00002
 (dLV/dLT)p        1.0023   1.0022   1.0006
 Cp, KJ/(KG)(K)    6.5330   6.5177   6.2811
 GAMMAs            1.2680   1.2687   1.2806
 SON VEL,M/SEC     1901.2   1894.6   1791.2
 MACH NUMBER        0.000    0.237    1.000

 PERFORMANCE PARAMETERS

 Ae/At                      2.5600   1.0000
 CSTAR, M/SEC               2547.7   2547.7
 CF                         0.1764   0.7031
 Ivac, M/SEC                6743.7   3190.0
 Isp, M/SEC                  449.5   1791.2


 MOLE FRACTIONS

 *H              3.2919-4 3.0845-4 7.3939-5
 *H2             7.4772-1 7.4774-1 7.4794-1
 H2O             2.5194-1 2.5194-1 2.5198-1
 *O              3.965 -9 3.402 -9 1.309-10
 *OH             1.4187-5 1.2952-5 1.9791-6
 *O2             5.708-10 4.906-10 1.944-11

  * THERMODYNAMIC PROPERTIES FITTED TO 20000.K

    PRODUCTS WHICH WERE CONSIDERED BUT WHOSE MOLE FRACTIONS
    WERE LESS THAN 1.000000E-10 FOR ALL ASSIGNED CONDITIONS

 HO2             H2O2            O3             



